#
# There is insufficient memory for the Java Runtime Environment to continue.
# Native memory allocation (malloc) failed to allocate 340560 bytes for Chunk::new
# Possible reasons:
#   The system is out of physical RAM or swap space
#   The process is running with CompressedOops enabled, and the Java Heap may be blocking the growth of the native heap
# Possible solutions:
#   Reduce memory load on the system
#   Increase physical memory or swap space
#   Check if swap backing store is full
#   Decrease Java heap size (-Xmx/-Xms)
#   Decrease number of Java threads
#   Decrease Java thread stack sizes (-Xss)
#   Set larger code cache with -XX:ReservedCodeCacheSize=
#   JVM is running with Zero Based Compressed Oops mode in which the Java heap is
#     placed in the first 32GB address space. The Java Heap base address is the
#     maximum limit for the native heap growth. Please use -XX:HeapBaseMinAddress
#     to set the Java Heap base and to place the Java Heap above 32GB virtual address.
# This output file may be truncated or incomplete.
#
#  Out of Memory Error (./open/src/hotspot/share/memory/arena.cpp:195), pid=16720, tid=13908
#
# JRE version: Java(TM) SE Runtime Environment (14.0.2+12) (build 14.0.2+12-46)
# Java VM: Java HotSpot(TM) 64-Bit Server VM (14.0.2+12-46, mixed mode, sharing, tiered, compressed oops, g1 gc, windows-amd64)
# No core dump will be written. Minidumps are not enabled by default on client versions of Windows
#

---------------  S U M M A R Y ------------

Command Line: -Dfile.encoding=GBK MainWindow

Host: Intel(R) Core(TM) i7-8750H CPU @ 2.20GHz, 12 cores, 15G,  Windows 10 , 64 bit Build 19041 (10.0.19041.546)
Time: Tue Nov  3 18:30:06 2020 中国标准时间 elapsed time: 25 seconds (0d 0h 0m 25s)

---------------  T H R E A D  ---------------

Current thread (0x000001bebe640000):  JavaThread "C2 CompilerThread0" daemon [_thread_in_native, id=13908, stack(0x0000004427d00000,0x0000004427e00000)]


Current CompileTask:
C2:  25169  973       4       java.util.HashMap::putVal (300 bytes)

Stack: [0x0000004427d00000,0x0000004427e00000]
Native frames: (J=compiled Java code, j=interpreted, Vv=VM code, C=native code)
V  [jvm.dll+0x5f8a9a]
V  [jvm.dll+0x74247a]
V  [jvm.dll+0x743c2f]
V  [jvm.dll+0x744273]
V  [jvm.dll+0x20d288]
V  [jvm.dll+0xabb07]
V  [jvm.dll+0xac1fc]
V  [jvm.dll+0x31c495]
V  [jvm.dll+0x2e6b38]
V  [jvm.dll+0x2e5f3a]
V  [jvm.dll+0x1e5e16]
V  [jvm.dll+0x1e50b8]
V  [jvm.dll+0x1779cc]
V  [jvm.dll+0x1f4105]
V  [jvm.dll+0x1f22eb]
V  [jvm.dll+0x7070cd]
V  [jvm.dll+0x6ffeda]
V  [jvm.dll+0x5f78f6]
C  [ucrtbase.dll+0x214c2]
C  [KERNEL32.DLL+0x17034]
C  [ntdll.dll+0x4cec1]


---------------  P R O C E S S  ---------------

Threads class SMR info:
_java_thread_list=0x000001bebf79d5b0, length=10, elements={
0x000001bebe61a800, 0x000001bebe61d800, 0x000001bebe63a800, 0x000001bebe63d000,
0x000001bebe640000, 0x000001bebe64d800, 0x000001bebe663800, 0x000001bebe797000,
0x000001bebe792000, 0x000001bebe796000
}

Java Threads: ( => current thread )
  0x000001bebe61a800 JavaThread "Reference Handler" daemon [_thread_blocked, id=8068, stack(0x0000004427800000,0x0000004427900000)]
  0x000001bebe61d800 JavaThread "Finalizer" daemon [_thread_blocked, id=9616, stack(0x0000004427900000,0x0000004427a00000)]
  0x000001bebe63a800 JavaThread "Attach Listener" daemon [_thread_blocked, id=5604, stack(0x0000004427b00000,0x0000004427c00000)]
  0x000001bebe63d000 JavaThread "Service Thread" daemon [_thread_blocked, id=11784, stack(0x0000004427c00000,0x0000004427d00000)]
=>0x000001bebe640000 JavaThread "C2 CompilerThread0" daemon [_thread_in_native, id=13908, stack(0x0000004427d00000,0x0000004427e00000)]
  0x000001bebe64d800 JavaThread "C1 CompilerThread0" daemon [_thread_blocked, id=17052, stack(0x0000004427e00000,0x0000004427f00000)]
  0x000001bebe663800 JavaThread "Sweeper thread" daemon [_thread_blocked, id=12140, stack(0x0000004427f00000,0x0000004428000000)]
  0x000001bebe797000 JavaThread "Notification Thread" daemon [_thread_blocked, id=13636, stack(0x0000004428000000,0x0000004428100000)]
  0x000001bebe792000 JavaThread "Common-Cleaner" daemon [_thread_blocked, id=7664, stack(0x0000004428200000,0x0000004428300000)]
  0x000001bebe796000 JavaThread "LWJGL Timer" daemon [_thread_blocked, id=3712, stack(0x0000004428b00000,0x0000004428c00000)]

Other Threads:
  0x000001bebe617800 VMThread "VM Thread" [stack: 0x0000004427700000,0x0000004427800000] [id=8828] _threads_hazard_ptr=0x000001bebf79d5b0
  0x000001be99c18000 GCTaskThread "GC Thread#0" [stack: 0x0000004427200000,0x0000004427300000] [id=4304]
  0x000001bec5af6800 GCTaskThread "GC Thread#1" [stack: 0x0000004428a00000,0x0000004428b00000] [id=14560]
  0x000001bec5e3d800 GCTaskThread "GC Thread#2" [stack: 0x0000004428c00000,0x0000004428d00000] [id=7356]
  0x000001bec5a30000 GCTaskThread "GC Thread#3" [stack: 0x0000004428d00000,0x0000004428e00000] [id=8076]
  0x000001bec5a30800 GCTaskThread "GC Thread#4" [stack: 0x0000004428e00000,0x0000004428f00000] [id=2424]
  0x000001bec5ed0000 GCTaskThread "GC Thread#5" [stack: 0x0000004428f00000,0x0000004429000000] [id=16632]
  0x000001be99c39800 ConcurrentGCThread "G1 Main Marker" [stack: 0x0000004427300000,0x0000004427400000] [id=12100]
  0x000001be99c3c000 ConcurrentGCThread "G1 Conc#0" [stack: 0x0000004427400000,0x0000004427500000] [id=3936]
  0x000001bebdc83800 ConcurrentGCThread "G1 Refine#0" [stack: 0x0000004427500000,0x0000004427600000] [id=11292]
  0x000001bebdc84800 ConcurrentGCThread "G1 Young RemSet Sampling" [stack: 0x0000004427600000,0x0000004427700000] [id=10024]

Threads with active compile tasks:
C2 CompilerThread0    25209  973       4       java.util.HashMap::putVal (300 bytes)

VM state:at safepoint (normal execution)

VM Mutex/Monitor currently owned by a thread:  ([mutex/lock_event])
[0x000001be99bada40] Threads_lock - owner thread: 0x000001bebe617800
[0x000001be99bacba0] Heap_lock - owner thread: 0x000001bebe798000

Heap address: 0x0000000701e00000, size: 4066 MB, Compressed Oops mode: Zero based, Oop shift amount: 3
Narrow klass base: 0x0000000800000000, Narrow klass shift: 3
Compressed class space size: 1073741824 Address: 0x0000000800b30000

Heap:
 garbage-first heap   total 262144K, used 55945K [0x0000000701e00000, 0x0000000800000000)
  region size 1024K, 57 young (58368K), 4 survivors (4096K)
 Metaspace       used 2943K, capacity 6004K, committed 6144K, reserved 1056768K
  class space    used 171K, capacity 495K, committed 512K, reserved 1048576K
Heap Regions: E=young(eden), S=young(survivor), O=old, HS=humongous(starts), HC=humongous(continues), CS=collection set, F=free, OA=open archive, CA=closed archive, TAMS=top-at-mark-start (previous, next)
|   0|0x0000000701e00000, 0x0000000701e00000, 0x0000000701f00000|  0%| F|  |TAMS 0x0000000701e00000, 0x0000000701e00000| Untracked 
|   1|0x0000000701f00000, 0x0000000701f00000, 0x0000000702000000|  0%| F|  |TAMS 0x0000000701f00000, 0x0000000701f00000| Untracked 
|   2|0x0000000702000000, 0x0000000702000000, 0x0000000702100000|  0%| F|  |TAMS 0x0000000702000000, 0x0000000702000000| Untracked 
|   3|0x0000000702100000, 0x0000000702100000, 0x0000000702200000|  0%| F|  |TAMS 0x0000000702100000, 0x0000000702100000| Untracked 
|   4|0x0000000702200000, 0x0000000702200000, 0x0000000702300000|  0%| F|  |TAMS 0x0000000702200000, 0x0000000702200000| Untracked 
|   5|0x0000000702300000, 0x0000000702300000, 0x0000000702400000|  0%| F|  |TAMS 0x0000000702300000, 0x0000000702300000| Untracked 
|   6|0x0000000702400000, 0x0000000702400000, 0x0000000702500000|  0%| F|  |TAMS 0x0000000702400000, 0x0000000702400000| Untracked 
|   7|0x0000000702500000, 0x0000000702500000, 0x0000000702600000|  0%| F|  |TAMS 0x0000000702500000, 0x0000000702500000| Untracked 
|   8|0x0000000702600000, 0x0000000702600000, 0x0000000702700000|  0%| F|  |TAMS 0x0000000702600000, 0x0000000702600000| Untracked 
|   9|0x0000000702700000, 0x0000000702700000, 0x0000000702800000|  0%| F|  |TAMS 0x0000000702700000, 0x0000000702700000| Untracked 
|  10|0x0000000702800000, 0x0000000702800000, 0x0000000702900000|  0%| F|  |TAMS 0x0000000702800000, 0x0000000702800000| Untracked 
|  11|0x0000000702900000, 0x0000000702900000, 0x0000000702a00000|  0%| F|  |TAMS 0x0000000702900000, 0x0000000702900000| Untracked 
|  12|0x0000000702a00000, 0x0000000702a00000, 0x0000000702b00000|  0%| F|  |TAMS 0x0000000702a00000, 0x0000000702a00000| Untracked 
|  13|0x0000000702b00000, 0x0000000702b00000, 0x0000000702c00000|  0%| F|  |TAMS 0x0000000702b00000, 0x0000000702b00000| Untracked 
|  14|0x0000000702c00000, 0x0000000702c00000, 0x0000000702d00000|  0%| F|  |TAMS 0x0000000702c00000, 0x0000000702c00000| Untracked 
|  15|0x0000000702d00000, 0x0000000702d00000, 0x0000000702e00000|  0%| F|  |TAMS 0x0000000702d00000, 0x0000000702d00000| Untracked 
|  16|0x0000000702e00000, 0x0000000702e00000, 0x0000000702f00000|  0%| F|  |TAMS 0x0000000702e00000, 0x0000000702e00000| Untracked 
|  17|0x0000000702f00000, 0x0000000702f00000, 0x0000000703000000|  0%| F|  |TAMS 0x0000000702f00000, 0x0000000702f00000| Untracked 
|  18|0x0000000703000000, 0x0000000703000000, 0x0000000703100000|  0%| F|  |TAMS 0x0000000703000000, 0x0000000703000000| Untracked 
|  19|0x0000000703100000, 0x0000000703100000, 0x0000000703200000|  0%| F|  |TAMS 0x0000000703100000, 0x0000000703100000| Untracked 
|  20|0x0000000703200000, 0x0000000703200000, 0x0000000703300000|  0%| F|  |TAMS 0x0000000703200000, 0x0000000703200000| Untracked 
|  21|0x0000000703300000, 0x0000000703300000, 0x0000000703400000|  0%| F|  |TAMS 0x0000000703300000, 0x0000000703300000| Untracked 
|  22|0x0000000703400000, 0x0000000703400000, 0x0000000703500000|  0%| F|  |TAMS 0x0000000703400000, 0x0000000703400000| Untracked 
|  23|0x0000000703500000, 0x0000000703500000, 0x0000000703600000|  0%| F|  |TAMS 0x0000000703500000, 0x0000000703500000| Untracked 
|  24|0x0000000703600000, 0x0000000703600000, 0x0000000703700000|  0%| F|  |TAMS 0x0000000703600000, 0x0000000703600000| Untracked 
|  25|0x0000000703700000, 0x0000000703700000, 0x0000000703800000|  0%| F|  |TAMS 0x0000000703700000, 0x0000000703700000| Untracked 
|  26|0x0000000703800000, 0x0000000703800000, 0x0000000703900000|  0%| F|  |TAMS 0x0000000703800000, 0x0000000703800000| Untracked 
|  27|0x0000000703900000, 0x0000000703900000, 0x0000000703a00000|  0%| F|  |TAMS 0x0000000703900000, 0x0000000703900000| Untracked 
|  28|0x0000000703a00000, 0x0000000703a00000, 0x0000000703b00000|  0%| F|  |TAMS 0x0000000703a00000, 0x0000000703a00000| Untracked 
|  29|0x0000000703b00000, 0x0000000703b00000, 0x0000000703c00000|  0%| F|  |TAMS 0x0000000703b00000, 0x0000000703b00000| Untracked 
|  30|0x0000000703c00000, 0x0000000703c00000, 0x0000000703d00000|  0%| F|  |TAMS 0x0000000703c00000, 0x0000000703c00000| Untracked 
|  31|0x0000000703d00000, 0x0000000703d00000, 0x0000000703e00000|  0%| F|  |TAMS 0x0000000703d00000, 0x0000000703d00000| Untracked 
|  32|0x0000000703e00000, 0x0000000703e00000, 0x0000000703f00000|  0%| F|  |TAMS 0x0000000703e00000, 0x0000000703e00000| Untracked 
|  33|0x0000000703f00000, 0x0000000703f00000, 0x0000000704000000|  0%| F|  |TAMS 0x0000000703f00000, 0x0000000703f00000| Untracked 
|  34|0x0000000704000000, 0x0000000704000000, 0x0000000704100000|  0%| F|  |TAMS 0x0000000704000000, 0x0000000704000000| Untracked 
|  35|0x0000000704100000, 0x0000000704100000, 0x0000000704200000|  0%| F|  |TAMS 0x0000000704100000, 0x0000000704100000| Untracked 
|  36|0x0000000704200000, 0x0000000704200000, 0x0000000704300000|  0%| F|  |TAMS 0x0000000704200000, 0x0000000704200000| Untracked 
|  37|0x0000000704300000, 0x0000000704300000, 0x0000000704400000|  0%| F|  |TAMS 0x0000000704300000, 0x0000000704300000| Untracked 
|  38|0x0000000704400000, 0x0000000704400000, 0x0000000704500000|  0%| F|  |TAMS 0x0000000704400000, 0x0000000704400000| Untracked 
|  39|0x0000000704500000, 0x0000000704500000, 0x0000000704600000|  0%| F|  |TAMS 0x0000000704500000, 0x0000000704500000| Untracked 
|  40|0x0000000704600000, 0x0000000704600000, 0x0000000704700000|  0%| F|  |TAMS 0x0000000704600000, 0x0000000704600000| Untracked 
|  41|0x0000000704700000, 0x0000000704700000, 0x0000000704800000|  0%| F|  |TAMS 0x0000000704700000, 0x0000000704700000| Untracked 
|  42|0x0000000704800000, 0x0000000704800000, 0x0000000704900000|  0%| F|  |TAMS 0x0000000704800000, 0x0000000704800000| Untracked 
|  43|0x0000000704900000, 0x0000000704900000, 0x0000000704a00000|  0%| F|  |TAMS 0x0000000704900000, 0x0000000704900000| Untracked 
|  44|0x0000000704a00000, 0x0000000704a00000, 0x0000000704b00000|  0%| F|  |TAMS 0x0000000704a00000, 0x0000000704a00000| Untracked 
|  45|0x0000000704b00000, 0x0000000704b00000, 0x0000000704c00000|  0%| F|  |TAMS 0x0000000704b00000, 0x0000000704b00000| Untracked 
|  46|0x0000000704c00000, 0x0000000704c00000, 0x0000000704d00000|  0%| F|  |TAMS 0x0000000704c00000, 0x0000000704c00000| Untracked 
|  47|0x0000000704d00000, 0x0000000704d00000, 0x0000000704e00000|  0%| F|  |TAMS 0x0000000704d00000, 0x0000000704d00000| Untracked 
|  48|0x0000000704e00000, 0x0000000704e00000, 0x0000000704f00000|  0%| F|  |TAMS 0x0000000704e00000, 0x0000000704e00000| Untracked 
|  49|0x0000000704f00000, 0x0000000704f00000, 0x0000000705000000|  0%| F|  |TAMS 0x0000000704f00000, 0x0000000704f00000| Untracked 
|  50|0x0000000705000000, 0x0000000705000000, 0x0000000705100000|  0%| F|  |TAMS 0x0000000705000000, 0x0000000705000000| Untracked 
|  51|0x0000000705100000, 0x0000000705100000, 0x0000000705200000|  0%| F|  |TAMS 0x0000000705100000, 0x0000000705100000| Untracked 
|  52|0x0000000705200000, 0x0000000705200000, 0x0000000705300000|  0%| F|  |TAMS 0x0000000705200000, 0x0000000705200000| Untracked 
|  53|0x0000000705300000, 0x0000000705300000, 0x0000000705400000|  0%| F|  |TAMS 0x0000000705300000, 0x0000000705300000| Untracked 
|  54|0x0000000705400000, 0x0000000705400000, 0x0000000705500000|  0%| F|  |TAMS 0x0000000705400000, 0x0000000705400000| Untracked 
|  55|0x0000000705500000, 0x0000000705500000, 0x0000000705600000|  0%| F|  |TAMS 0x0000000705500000, 0x0000000705500000| Untracked 
|  56|0x0000000705600000, 0x0000000705600000, 0x0000000705700000|  0%| F|  |TAMS 0x0000000705600000, 0x0000000705600000| Untracked 
|  57|0x0000000705700000, 0x0000000705700000, 0x0000000705800000|  0%| F|  |TAMS 0x0000000705700000, 0x0000000705700000| Untracked 
|  58|0x0000000705800000, 0x0000000705800000, 0x0000000705900000|  0%| F|  |TAMS 0x0000000705800000, 0x0000000705800000| Untracked 
|  59|0x0000000705900000, 0x0000000705900000, 0x0000000705a00000|  0%| F|  |TAMS 0x0000000705900000, 0x0000000705900000| Untracked 
|  60|0x0000000705a00000, 0x0000000705a00000, 0x0000000705b00000|  0%| F|  |TAMS 0x0000000705a00000, 0x0000000705a00000| Untracked 
|  61|0x0000000705b00000, 0x0000000705b00000, 0x0000000705c00000|  0%| F|  |TAMS 0x0000000705b00000, 0x0000000705b00000| Untracked 
|  62|0x0000000705c00000, 0x0000000705c00000, 0x0000000705d00000|  0%| F|  |TAMS 0x0000000705c00000, 0x0000000705c00000| Untracked 
|  63|0x0000000705d00000, 0x0000000705d00000, 0x0000000705e00000|  0%| F|  |TAMS 0x0000000705d00000, 0x0000000705d00000| Untracked 
|  64|0x0000000705e00000, 0x0000000705e00000, 0x0000000705f00000|  0%| F|  |TAMS 0x0000000705e00000, 0x0000000705e00000| Untracked 
|  65|0x0000000705f00000, 0x0000000705f00000, 0x0000000706000000|  0%| F|  |TAMS 0x0000000705f00000, 0x0000000705f00000| Untracked 
|  66|0x0000000706000000, 0x0000000706000000, 0x0000000706100000|  0%| F|  |TAMS 0x0000000706000000, 0x0000000706000000| Untracked 
|  67|0x0000000706100000, 0x0000000706100000, 0x0000000706200000|  0%| F|  |TAMS 0x0000000706100000, 0x0000000706100000| Untracked 
|  68|0x0000000706200000, 0x0000000706200000, 0x0000000706300000|  0%| F|  |TAMS 0x0000000706200000, 0x0000000706200000| Untracked 
|  69|0x0000000706300000, 0x0000000706300000, 0x0000000706400000|  0%| F|  |TAMS 0x0000000706300000, 0x0000000706300000| Untracked 
|  70|0x0000000706400000, 0x0000000706400000, 0x0000000706500000|  0%| F|  |TAMS 0x0000000706400000, 0x0000000706400000| Untracked 
|  71|0x0000000706500000, 0x0000000706500000, 0x0000000706600000|  0%| F|  |TAMS 0x0000000706500000, 0x0000000706500000| Untracked 
|  72|0x0000000706600000, 0x0000000706600000, 0x0000000706700000|  0%| F|  |TAMS 0x0000000706600000, 0x0000000706600000| Untracked 
|  73|0x0000000706700000, 0x0000000706700000, 0x0000000706800000|  0%| F|  |TAMS 0x0000000706700000, 0x0000000706700000| Untracked 
|  74|0x0000000706800000, 0x0000000706800000, 0x0000000706900000|  0%| F|  |TAMS 0x0000000706800000, 0x0000000706800000| Untracked 
|  75|0x0000000706900000, 0x0000000706900000, 0x0000000706a00000|  0%| F|  |TAMS 0x0000000706900000, 0x0000000706900000| Untracked 
|  76|0x0000000706a00000, 0x0000000706a00000, 0x0000000706b00000|  0%| F|  |TAMS 0x0000000706a00000, 0x0000000706a00000| Untracked 
|  77|0x0000000706b00000, 0x0000000706b00000, 0x0000000706c00000|  0%| F|  |TAMS 0x0000000706b00000, 0x0000000706b00000| Untracked 
|  78|0x0000000706c00000, 0x0000000706c00000, 0x0000000706d00000|  0%| F|  |TAMS 0x0000000706c00000, 0x0000000706c00000| Untracked 
|  79|0x0000000706d00000, 0x0000000706d00000, 0x0000000706e00000|  0%| F|  |TAMS 0x0000000706d00000, 0x0000000706d00000| Untracked 
|  80|0x0000000706e00000, 0x0000000706e00000, 0x0000000706f00000|  0%| F|  |TAMS 0x0000000706e00000, 0x0000000706e00000| Untracked 
|  81|0x0000000706f00000, 0x0000000706f00000, 0x0000000707000000|  0%| F|  |TAMS 0x0000000706f00000, 0x0000000706f00000| Untracked 
|  82|0x0000000707000000, 0x0000000707000000, 0x0000000707100000|  0%| F|  |TAMS 0x0000000707000000, 0x0000000707000000| Untracked 
|  83|0x0000000707100000, 0x0000000707100000, 0x0000000707200000|  0%| F|  |TAMS 0x0000000707100000, 0x0000000707100000| Untracked 
|  84|0x0000000707200000, 0x0000000707200000, 0x0000000707300000|  0%| F|  |TAMS 0x0000000707200000, 0x0000000707200000| Untracked 
|  85|0x0000000707300000, 0x0000000707300000, 0x0000000707400000|  0%| F|  |TAMS 0x0000000707300000, 0x0000000707300000| Untracked 
|  86|0x0000000707400000, 0x0000000707400000, 0x0000000707500000|  0%| F|  |TAMS 0x0000000707400000, 0x0000000707400000| Untracked 
|  87|0x0000000707500000, 0x0000000707500000, 0x0000000707600000|  0%| F|  |TAMS 0x0000000707500000, 0x0000000707500000| Untracked 
|  88|0x0000000707600000, 0x0000000707600000, 0x0000000707700000|  0%| F|  |TAMS 0x0000000707600000, 0x0000000707600000| Untracked 
|  89|0x0000000707700000, 0x0000000707700000, 0x0000000707800000|  0%| F|  |TAMS 0x0000000707700000, 0x0000000707700000| Untracked 
|  90|0x0000000707800000, 0x0000000707800000, 0x0000000707900000|  0%| F|  |TAMS 0x0000000707800000, 0x0000000707800000| Untracked 
|  91|0x0000000707900000, 0x0000000707900000, 0x0000000707a00000|  0%| F|  |TAMS 0x0000000707900000, 0x0000000707900000| Untracked 
|  92|0x0000000707a00000, 0x0000000707a00000, 0x0000000707b00000|  0%| F|  |TAMS 0x0000000707a00000, 0x0000000707a00000| Untracked 
|  93|0x0000000707b00000, 0x0000000707b00000, 0x0000000707c00000|  0%| F|  |TAMS 0x0000000707b00000, 0x0000000707b00000| Untracked 
|  94|0x0000000707c00000, 0x0000000707c00000, 0x0000000707d00000|  0%| F|  |TAMS 0x0000000707c00000, 0x0000000707c00000| Untracked 
|  95|0x0000000707d00000, 0x0000000707d00000, 0x0000000707e00000|  0%| F|  |TAMS 0x0000000707d00000, 0x0000000707d00000| Untracked 
|  96|0x0000000707e00000, 0x0000000707e00000, 0x0000000707f00000|  0%| F|  |TAMS 0x0000000707e00000, 0x0000000707e00000| Untracked 
|  97|0x0000000707f00000, 0x0000000707f00000, 0x0000000708000000|  0%| F|  |TAMS 0x0000000707f00000, 0x0000000707f00000| Untracked 
|  98|0x0000000708000000, 0x0000000708000000, 0x0000000708100000|  0%| F|  |TAMS 0x0000000708000000, 0x0000000708000000| Untracked 
|  99|0x0000000708100000, 0x0000000708100000, 0x0000000708200000|  0%| F|  |TAMS 0x0000000708100000, 0x0000000708100000| Untracked 
| 100|0x0000000708200000, 0x0000000708200000, 0x0000000708300000|  0%| F|  |TAMS 0x0000000708200000, 0x0000000708200000| Untracked 
| 101|0x0000000708300000, 0x0000000708300000, 0x0000000708400000|  0%| F|  |TAMS 0x0000000708300000, 0x0000000708300000| Untracked 
| 102|0x0000000708400000, 0x0000000708400000, 0x0000000708500000|  0%| F|  |TAMS 0x0000000708400000, 0x0000000708400000| Untracked 
| 103|0x0000000708500000, 0x00000007085a2500, 0x0000000708600000| 63%| S|CS|TAMS 0x0000000708500000, 0x0000000708500000| Complete 
| 104|0x0000000708600000, 0x0000000708700000, 0x0000000708700000|100%| S|CS|TAMS 0x0000000708600000, 0x0000000708600000| Complete 
| 105|0x0000000708700000, 0x0000000708800000, 0x0000000708800000|100%| S|CS|TAMS 0x0000000708700000, 0x0000000708700000| Complete 
| 106|0x0000000708800000, 0x0000000708900000, 0x0000000708900000|100%| S|CS|TAMS 0x0000000708800000, 0x0000000708800000| Complete 
| 107|0x0000000708900000, 0x0000000708900000, 0x0000000708a00000|  0%| F|  |TAMS 0x0000000708900000, 0x0000000708900000| Untracked 
| 108|0x0000000708a00000, 0x0000000708a00000, 0x0000000708b00000|  0%| F|  |TAMS 0x0000000708a00000, 0x0000000708a00000| Untracked 
| 109|0x0000000708b00000, 0x0000000708b00000, 0x0000000708c00000|  0%| F|  |TAMS 0x0000000708b00000, 0x0000000708b00000| Untracked 
| 110|0x0000000708c00000, 0x0000000708c00000, 0x0000000708d00000|  0%| F|  |TAMS 0x0000000708c00000, 0x0000000708c00000| Untracked 
| 111|0x0000000708d00000, 0x0000000708d00000, 0x0000000708e00000|  0%| F|  |TAMS 0x0000000708d00000, 0x0000000708d00000| Untracked 
| 112|0x0000000708e00000, 0x0000000708e00000, 0x0000000708f00000|  0%| F|  |TAMS 0x0000000708e00000, 0x0000000708e00000| Untracked 
| 113|0x0000000708f00000, 0x0000000708f00000, 0x0000000709000000|  0%| F|  |TAMS 0x0000000708f00000, 0x0000000708f00000| Untracked 
| 114|0x0000000709000000, 0x0000000709000000, 0x0000000709100000|  0%| F|  |TAMS 0x0000000709000000, 0x0000000709000000| Untracked 
| 115|0x0000000709100000, 0x0000000709100000, 0x0000000709200000|  0%| F|  |TAMS 0x0000000709100000, 0x0000000709100000| Untracked 
| 116|0x0000000709200000, 0x0000000709200000, 0x0000000709300000|  0%| F|  |TAMS 0x0000000709200000, 0x0000000709200000| Untracked 
| 117|0x0000000709300000, 0x0000000709300000, 0x0000000709400000|  0%| F|  |TAMS 0x0000000709300000, 0x0000000709300000| Untracked 
| 118|0x0000000709400000, 0x0000000709400000, 0x0000000709500000|  0%| F|  |TAMS 0x0000000709400000, 0x0000000709400000| Untracked 
| 119|0x0000000709500000, 0x0000000709500000, 0x0000000709600000|  0%| F|  |TAMS 0x0000000709500000, 0x0000000709500000| Untracked 
| 120|0x0000000709600000, 0x0000000709600000, 0x0000000709700000|  0%| F|  |TAMS 0x0000000709600000, 0x0000000709600000| Untracked 
| 121|0x0000000709700000, 0x0000000709700000, 0x0000000709800000|  0%| F|  |TAMS 0x0000000709700000, 0x0000000709700000| Untracked 
| 122|0x0000000709800000, 0x0000000709800000, 0x0000000709900000|  0%| F|  |TAMS 0x0000000709800000, 0x0000000709800000| Untracked 
| 123|0x0000000709900000, 0x0000000709900000, 0x0000000709a00000|  0%| F|  |TAMS 0x0000000709900000, 0x0000000709900000| Untracked 
| 124|0x0000000709a00000, 0x0000000709a00000, 0x0000000709b00000|  0%| F|  |TAMS 0x0000000709a00000, 0x0000000709a00000| Untracked 
| 125|0x0000000709b00000, 0x0000000709b00000, 0x0000000709c00000|  0%| F|  |TAMS 0x0000000709b00000, 0x0000000709b00000| Untracked 
| 126|0x0000000709c00000, 0x0000000709c00000, 0x0000000709d00000|  0%| F|  |TAMS 0x0000000709c00000, 0x0000000709c00000| Untracked 
| 127|0x0000000709d00000, 0x0000000709d00000, 0x0000000709e00000|  0%| F|  |TAMS 0x0000000709d00000, 0x0000000709d00000| Untracked 
| 128|0x0000000709e00000, 0x0000000709e00000, 0x0000000709f00000|  0%| F|  |TAMS 0x0000000709e00000, 0x0000000709e00000| Untracked 
| 129|0x0000000709f00000, 0x0000000709f00000, 0x000000070a000000|  0%| F|  |TAMS 0x0000000709f00000, 0x0000000709f00000| Untracked 
| 130|0x000000070a000000, 0x000000070a000000, 0x000000070a100000|  0%| F|  |TAMS 0x000000070a000000, 0x000000070a000000| Untracked 
| 131|0x000000070a100000, 0x000000070a100000, 0x000000070a200000|  0%| F|  |TAMS 0x000000070a100000, 0x000000070a100000| Untracked 
| 132|0x000000070a200000, 0x000000070a200000, 0x000000070a300000|  0%| F|  |TAMS 0x000000070a200000, 0x000000070a200000| Untracked 
| 133|0x000000070a300000, 0x000000070a300000, 0x000000070a400000|  0%| F|  |TAMS 0x000000070a300000, 0x000000070a300000| Untracked 
| 134|0x000000070a400000, 0x000000070a400000, 0x000000070a500000|  0%| F|  |TAMS 0x000000070a400000, 0x000000070a400000| Untracked 
| 135|0x000000070a500000, 0x000000070a500000, 0x000000070a600000|  0%| F|  |TAMS 0x000000070a500000, 0x000000070a500000| Untracked 
| 136|0x000000070a600000, 0x000000070a600000, 0x000000070a700000|  0%| F|  |TAMS 0x000000070a600000, 0x000000070a600000| Untracked 
| 137|0x000000070a700000, 0x000000070a700000, 0x000000070a800000|  0%| F|  |TAMS 0x000000070a700000, 0x000000070a700000| Untracked 
| 138|0x000000070a800000, 0x000000070a800000, 0x000000070a900000|  0%| F|  |TAMS 0x000000070a800000, 0x000000070a800000| Untracked 
| 139|0x000000070a900000, 0x000000070a900000, 0x000000070aa00000|  0%| F|  |TAMS 0x000000070a900000, 0x000000070a900000| Untracked 
| 140|0x000000070aa00000, 0x000000070aa00000, 0x000000070ab00000|  0%| F|  |TAMS 0x000000070aa00000, 0x000000070aa00000| Untracked 
| 141|0x000000070ab00000, 0x000000070ab00000, 0x000000070ac00000|  0%| F|  |TAMS 0x000000070ab00000, 0x000000070ab00000| Untracked 
| 142|0x000000070ac00000, 0x000000070ac00000, 0x000000070ad00000|  0%| F|  |TAMS 0x000000070ac00000, 0x000000070ac00000| Untracked 
| 143|0x000000070ad00000, 0x000000070ad00000, 0x000000070ae00000|  0%| F|  |TAMS 0x000000070ad00000, 0x000000070ad00000| Untracked 
| 144|0x000000070ae00000, 0x000000070ae00000, 0x000000070af00000|  0%| F|  |TAMS 0x000000070ae00000, 0x000000070ae00000| Untracked 
| 145|0x000000070af00000, 0x000000070af00000, 0x000000070b000000|  0%| F|  |TAMS 0x000000070af00000, 0x000000070af00000| Untracked 
| 146|0x000000070b000000, 0x000000070b000000, 0x000000070b100000|  0%| F|  |TAMS 0x000000070b000000, 0x000000070b000000| Untracked 
| 147|0x000000070b100000, 0x000000070b100000, 0x000000070b200000|  0%| F|  |TAMS 0x000000070b100000, 0x000000070b100000| Untracked 
| 148|0x000000070b200000, 0x000000070b200000, 0x000000070b300000|  0%| F|  |TAMS 0x000000070b200000, 0x000000070b200000| Untracked 
| 149|0x000000070b300000, 0x000000070b300000, 0x000000070b400000|  0%| F|  |TAMS 0x000000070b300000, 0x000000070b300000| Untracked 
| 150|0x000000070b400000, 0x000000070b400000, 0x000000070b500000|  0%| F|  |TAMS 0x000000070b400000, 0x000000070b400000| Untracked 
| 151|0x000000070b500000, 0x000000070b500000, 0x000000070b600000|  0%| F|  |TAMS 0x000000070b500000, 0x000000070b500000| Untracked 
| 152|0x000000070b600000, 0x000000070b600000, 0x000000070b700000|  0%| F|  |TAMS 0x000000070b600000, 0x000000070b600000| Untracked 
| 153|0x000000070b700000, 0x000000070b700000, 0x000000070b800000|  0%| F|  |TAMS 0x000000070b700000, 0x000000070b700000| Untracked 
| 154|0x000000070b800000, 0x000000070b800000, 0x000000070b900000|  0%| F|  |TAMS 0x000000070b800000, 0x000000070b800000| Untracked 
| 155|0x000000070b900000, 0x000000070b900000, 0x000000070ba00000|  0%| F|  |TAMS 0x000000070b900000, 0x000000070b900000| Untracked 
| 156|0x000000070ba00000, 0x000000070ba00000, 0x000000070bb00000|  0%| F|  |TAMS 0x000000070ba00000, 0x000000070ba00000| Untracked 
| 157|0x000000070bb00000, 0x000000070bb00000, 0x000000070bc00000|  0%| F|  |TAMS 0x000000070bb00000, 0x000000070bb00000| Untracked 
| 158|0x000000070bc00000, 0x000000070bc00000, 0x000000070bd00000|  0%| F|  |TAMS 0x000000070bc00000, 0x000000070bc00000| Untracked 
| 159|0x000000070bd00000, 0x000000070bd00000, 0x000000070be00000|  0%| F|  |TAMS 0x000000070bd00000, 0x000000070bd00000| Untracked 
| 160|0x000000070be00000, 0x000000070be00000, 0x000000070bf00000|  0%| F|  |TAMS 0x000000070be00000, 0x000000070be00000| Untracked 
| 161|0x000000070bf00000, 0x000000070bf00000, 0x000000070c000000|  0%| F|  |TAMS 0x000000070bf00000, 0x000000070bf00000| Untracked 
| 162|0x000000070c000000, 0x000000070c000000, 0x000000070c100000|  0%| F|  |TAMS 0x000000070c000000, 0x000000070c000000| Untracked 
| 163|0x000000070c100000, 0x000000070c100000, 0x000000070c200000|  0%| F|  |TAMS 0x000000070c100000, 0x000000070c100000| Untracked 
| 164|0x000000070c200000, 0x000000070c200000, 0x000000070c300000|  0%| F|  |TAMS 0x000000070c200000, 0x000000070c200000| Untracked 
| 165|0x000000070c300000, 0x000000070c300000, 0x000000070c400000|  0%| F|  |TAMS 0x000000070c300000, 0x000000070c300000| Untracked 
| 166|0x000000070c400000, 0x000000070c400000, 0x000000070c500000|  0%| F|  |TAMS 0x000000070c400000, 0x000000070c400000| Untracked 
| 167|0x000000070c500000, 0x000000070c500000, 0x000000070c600000|  0%| F|  |TAMS 0x000000070c500000, 0x000000070c500000| Untracked 
| 168|0x000000070c600000, 0x000000070c600000, 0x000000070c700000|  0%| F|  |TAMS 0x000000070c600000, 0x000000070c600000| Untracked 
| 169|0x000000070c700000, 0x000000070c700000, 0x000000070c800000|  0%| F|  |TAMS 0x000000070c700000, 0x000000070c700000| Untracked 
| 170|0x000000070c800000, 0x000000070c800000, 0x000000070c900000|  0%| F|  |TAMS 0x000000070c800000, 0x000000070c800000| Untracked 
| 171|0x000000070c900000, 0x000000070c900000, 0x000000070ca00000|  0%| F|  |TAMS 0x000000070c900000, 0x000000070c900000| Untracked 
| 172|0x000000070ca00000, 0x000000070ca00000, 0x000000070cb00000|  0%| F|  |TAMS 0x000000070ca00000, 0x000000070ca00000| Untracked 
| 173|0x000000070cb00000, 0x000000070cb00000, 0x000000070cc00000|  0%| F|  |TAMS 0x000000070cb00000, 0x000000070cb00000| Untracked 
| 174|0x000000070cc00000, 0x000000070cc00000, 0x000000070cd00000|  0%| F|  |TAMS 0x000000070cc00000, 0x000000070cc00000| Untracked 
| 175|0x000000070cd00000, 0x000000070cd00000, 0x000000070ce00000|  0%| F|  |TAMS 0x000000070cd00000, 0x000000070cd00000| Untracked 
| 176|0x000000070ce00000, 0x000000070ce00000, 0x000000070cf00000|  0%| F|  |TAMS 0x000000070ce00000, 0x000000070ce00000| Untracked 
| 177|0x000000070cf00000, 0x000000070cf00000, 0x000000070d000000|  0%| F|  |TAMS 0x000000070cf00000, 0x000000070cf00000| Untracked 
| 178|0x000000070d000000, 0x000000070d000000, 0x000000070d100000|  0%| F|  |TAMS 0x000000070d000000, 0x000000070d000000| Untracked 
| 179|0x000000070d100000, 0x000000070d100000, 0x000000070d200000|  0%| F|  |TAMS 0x000000070d100000, 0x000000070d100000| Untracked 
| 180|0x000000070d200000, 0x000000070d200000, 0x000000070d300000|  0%| F|  |TAMS 0x000000070d200000, 0x000000070d200000| Untracked 
| 181|0x000000070d300000, 0x000000070d300000, 0x000000070d400000|  0%| F|  |TAMS 0x000000070d300000, 0x000000070d300000| Untracked 
| 182|0x000000070d400000, 0x000000070d400000, 0x000000070d500000|  0%| F|  |TAMS 0x000000070d400000, 0x000000070d400000| Untracked 
| 183|0x000000070d500000, 0x000000070d500000, 0x000000070d600000|  0%| F|  |TAMS 0x000000070d500000, 0x000000070d500000| Untracked 
| 184|0x000000070d600000, 0x000000070d600000, 0x000000070d700000|  0%| F|  |TAMS 0x000000070d600000, 0x000000070d600000| Untracked 
| 185|0x000000070d700000, 0x000000070d700000, 0x000000070d800000|  0%| F|  |TAMS 0x000000070d700000, 0x000000070d700000| Untracked 
| 186|0x000000070d800000, 0x000000070d800000, 0x000000070d900000|  0%| F|  |TAMS 0x000000070d800000, 0x000000070d800000| Untracked 
| 187|0x000000070d900000, 0x000000070d900000, 0x000000070da00000|  0%| F|  |TAMS 0x000000070d900000, 0x000000070d900000| Untracked 
| 188|0x000000070da00000, 0x000000070da00000, 0x000000070db00000|  0%| F|  |TAMS 0x000000070da00000, 0x000000070da00000| Untracked 
| 189|0x000000070db00000, 0x000000070db00000, 0x000000070dc00000|  0%| F|  |TAMS 0x000000070db00000, 0x000000070db00000| Untracked 
| 190|0x000000070dc00000, 0x000000070dc00000, 0x000000070dd00000|  0%| F|  |TAMS 0x000000070dc00000, 0x000000070dc00000| Untracked 
| 191|0x000000070dd00000, 0x000000070dd00000, 0x000000070de00000|  0%| F|  |TAMS 0x000000070dd00000, 0x000000070dd00000| Untracked 
| 192|0x000000070de00000, 0x000000070de00000, 0x000000070df00000|  0%| F|  |TAMS 0x000000070de00000, 0x000000070de00000| Untracked 
| 193|0x000000070df00000, 0x000000070df00000, 0x000000070e000000|  0%| F|  |TAMS 0x000000070df00000, 0x000000070df00000| Untracked 
| 194|0x000000070e000000, 0x000000070e000000, 0x000000070e100000|  0%| F|  |TAMS 0x000000070e000000, 0x000000070e000000| Untracked 
| 195|0x000000070e100000, 0x000000070e100000, 0x000000070e200000|  0%| F|  |TAMS 0x000000070e100000, 0x000000070e100000| Untracked 
| 196|0x000000070e200000, 0x000000070e200000, 0x000000070e300000|  0%| F|  |TAMS 0x000000070e200000, 0x000000070e200000| Untracked 
| 197|0x000000070e300000, 0x000000070e300000, 0x000000070e400000|  0%| F|  |TAMS 0x000000070e300000, 0x000000070e300000| Untracked 
| 198|0x000000070e400000, 0x000000070e400000, 0x000000070e500000|  0%| F|  |TAMS 0x000000070e400000, 0x000000070e400000| Untracked 
| 199|0x000000070e500000, 0x000000070e500000, 0x000000070e600000|  0%| F|  |TAMS 0x000000070e500000, 0x000000070e500000| Untracked 
| 200|0x000000070e600000, 0x000000070e600000, 0x000000070e700000|  0%| F|  |TAMS 0x000000070e600000, 0x000000070e600000| Untracked 
| 201|0x000000070e700000, 0x000000070e700000, 0x000000070e800000|  0%| F|  |TAMS 0x000000070e700000, 0x000000070e700000| Untracked 
| 202|0x000000070e800000, 0x000000070e800000, 0x000000070e900000|  0%| F|  |TAMS 0x000000070e800000, 0x000000070e800000| Untracked 
| 203|0x000000070e900000, 0x000000070e9d1940, 0x000000070ea00000| 81%| E|  |TAMS 0x000000070e900000, 0x000000070e900000| Complete 
| 204|0x000000070ea00000, 0x000000070eb00000, 0x000000070eb00000|100%| E|  |TAMS 0x000000070ea00000, 0x000000070ea00000| Complete 
| 205|0x000000070eb00000, 0x000000070ec00000, 0x000000070ec00000|100%| E|CS|TAMS 0x000000070eb00000, 0x000000070eb00000| Complete 
| 206|0x000000070ec00000, 0x000000070ed00000, 0x000000070ed00000|100%| E|CS|TAMS 0x000000070ec00000, 0x000000070ec00000| Complete 
| 207|0x000000070ed00000, 0x000000070ee00000, 0x000000070ee00000|100%| E|CS|TAMS 0x000000070ed00000, 0x000000070ed00000| Complete 
| 208|0x000000070ee00000, 0x000000070ef00000, 0x000000070ef00000|100%| E|CS|TAMS 0x000000070ee00000, 0x000000070ee00000| Complete 
| 209|0x000000070ef00000, 0x000000070f000000, 0x000000070f000000|100%| E|CS|TAMS 0x000000070ef00000, 0x000000070ef00000| Complete 
| 210|0x000000070f000000, 0x000000070f100000, 0x000000070f100000|100%| E|CS|TAMS 0x000000070f000000, 0x000000070f000000| Complete 
| 211|0x000000070f100000, 0x000000070f200000, 0x000000070f200000|100%| E|CS|TAMS 0x000000070f100000, 0x000000070f100000| Complete 
| 212|0x000000070f200000, 0x000000070f300000, 0x000000070f300000|100%| E|CS|TAMS 0x000000070f200000, 0x000000070f200000| Complete 
| 213|0x000000070f300000, 0x000000070f400000, 0x000000070f400000|100%| E|CS|TAMS 0x000000070f300000, 0x000000070f300000| Complete 
| 214|0x000000070f400000, 0x000000070f500000, 0x000000070f500000|100%| E|CS|TAMS 0x000000070f400000, 0x000000070f400000| Complete 
| 215|0x000000070f500000, 0x000000070f600000, 0x000000070f600000|100%| E|CS|TAMS 0x000000070f500000, 0x000000070f500000| Complete 
| 216|0x000000070f600000, 0x000000070f700000, 0x000000070f700000|100%| E|CS|TAMS 0x000000070f600000, 0x000000070f600000| Complete 
| 217|0x000000070f700000, 0x000000070f800000, 0x000000070f800000|100%| E|CS|TAMS 0x000000070f700000, 0x000000070f700000| Complete 
| 218|0x000000070f800000, 0x000000070f900000, 0x000000070f900000|100%| E|CS|TAMS 0x000000070f800000, 0x000000070f800000| Complete 
| 219|0x000000070f900000, 0x000000070fa00000, 0x000000070fa00000|100%| E|CS|TAMS 0x000000070f900000, 0x000000070f900000| Complete 
| 220|0x000000070fa00000, 0x000000070fb00000, 0x000000070fb00000|100%| E|CS|TAMS 0x000000070fa00000, 0x000000070fa00000| Complete 
| 221|0x000000070fb00000, 0x000000070fc00000, 0x000000070fc00000|100%| E|CS|TAMS 0x000000070fb00000, 0x000000070fb00000| Complete 
| 222|0x000000070fc00000, 0x000000070fd00000, 0x000000070fd00000|100%| E|CS|TAMS 0x000000070fc00000, 0x000000070fc00000| Complete 
| 223|0x000000070fd00000, 0x000000070fe00000, 0x000000070fe00000|100%| E|CS|TAMS 0x000000070fd00000, 0x000000070fd00000| Complete 
| 224|0x000000070fe00000, 0x000000070ff00000, 0x000000070ff00000|100%| E|CS|TAMS 0x000000070fe00000, 0x000000070fe00000| Complete 
| 225|0x000000070ff00000, 0x0000000710000000, 0x0000000710000000|100%| E|CS|TAMS 0x000000070ff00000, 0x000000070ff00000| Complete 
| 226|0x0000000710000000, 0x0000000710100000, 0x0000000710100000|100%| E|CS|TAMS 0x0000000710000000, 0x0000000710000000| Complete 
| 227|0x0000000710100000, 0x0000000710200000, 0x0000000710200000|100%| E|CS|TAMS 0x0000000710100000, 0x0000000710100000| Complete 
| 228|0x0000000710200000, 0x0000000710300000, 0x0000000710300000|100%| E|CS|TAMS 0x0000000710200000, 0x0000000710200000| Complete 
| 229|0x0000000710300000, 0x0000000710400000, 0x0000000710400000|100%| E|CS|TAMS 0x0000000710300000, 0x0000000710300000| Complete 
| 230|0x0000000710400000, 0x0000000710500000, 0x0000000710500000|100%| E|CS|TAMS 0x0000000710400000, 0x0000000710400000| Complete 
| 231|0x0000000710500000, 0x0000000710600000, 0x0000000710600000|100%| E|CS|TAMS 0x0000000710500000, 0x0000000710500000| Complete 
| 232|0x0000000710600000, 0x0000000710700000, 0x0000000710700000|100%| E|CS|TAMS 0x0000000710600000, 0x0000000710600000| Complete 
| 233|0x0000000710700000, 0x0000000710800000, 0x0000000710800000|100%| E|CS|TAMS 0x0000000710700000, 0x0000000710700000| Complete 
| 234|0x0000000710800000, 0x0000000710900000, 0x0000000710900000|100%| E|CS|TAMS 0x0000000710800000, 0x0000000710800000| Complete 
| 235|0x0000000710900000, 0x0000000710a00000, 0x0000000710a00000|100%| E|CS|TAMS 0x0000000710900000, 0x0000000710900000| Complete 
| 236|0x0000000710a00000, 0x0000000710b00000, 0x0000000710b00000|100%| E|CS|TAMS 0x0000000710a00000, 0x0000000710a00000| Complete 
| 237|0x0000000710b00000, 0x0000000710c00000, 0x0000000710c00000|100%| E|CS|TAMS 0x0000000710b00000, 0x0000000710b00000| Complete 
| 238|0x0000000710c00000, 0x0000000710d00000, 0x0000000710d00000|100%| E|CS|TAMS 0x0000000710c00000, 0x0000000710c00000| Complete 
| 239|0x0000000710d00000, 0x0000000710e00000, 0x0000000710e00000|100%| E|CS|TAMS 0x0000000710d00000, 0x0000000710d00000| Complete 
| 240|0x0000000710e00000, 0x0000000710f00000, 0x0000000710f00000|100%| E|CS|TAMS 0x0000000710e00000, 0x0000000710e00000| Complete 
| 241|0x0000000710f00000, 0x0000000711000000, 0x0000000711000000|100%| E|CS|TAMS 0x0000000710f00000, 0x0000000710f00000| Complete 
| 242|0x0000000711000000, 0x0000000711100000, 0x0000000711100000|100%| E|CS|TAMS 0x0000000711000000, 0x0000000711000000| Complete 
| 243|0x0000000711100000, 0x0000000711200000, 0x0000000711200000|100%| E|CS|TAMS 0x0000000711100000, 0x0000000711100000| Complete 
| 244|0x0000000711200000, 0x0000000711300000, 0x0000000711300000|100%| E|CS|TAMS 0x0000000711200000, 0x0000000711200000| Complete 
| 245|0x0000000711300000, 0x0000000711400000, 0x0000000711400000|100%| E|CS|TAMS 0x0000000711300000, 0x0000000711300000| Complete 
| 246|0x0000000711400000, 0x0000000711500000, 0x0000000711500000|100%| E|CS|TAMS 0x0000000711400000, 0x0000000711400000| Complete 
| 247|0x0000000711500000, 0x0000000711600000, 0x0000000711600000|100%| E|CS|TAMS 0x0000000711500000, 0x0000000711500000| Complete 
| 248|0x0000000711600000, 0x0000000711700000, 0x0000000711700000|100%| E|CS|TAMS 0x0000000711600000, 0x0000000711600000| Complete 
| 249|0x0000000711700000, 0x0000000711800000, 0x0000000711800000|100%| E|CS|TAMS 0x0000000711700000, 0x0000000711700000| Complete 
| 250|0x0000000711800000, 0x0000000711900000, 0x0000000711900000|100%| E|CS|TAMS 0x0000000711800000, 0x0000000711800000| Complete 
| 251|0x0000000711900000, 0x0000000711a00000, 0x0000000711a00000|100%| E|CS|TAMS 0x0000000711900000, 0x0000000711900000| Complete 
| 252|0x0000000711a00000, 0x0000000711b00000, 0x0000000711b00000|100%| E|CS|TAMS 0x0000000711a00000, 0x0000000711a00000| Complete 
| 253|0x0000000711b00000, 0x0000000711c00000, 0x0000000711c00000|100%| E|CS|TAMS 0x0000000711b00000, 0x0000000711b00000| Complete 
| 254|0x0000000711c00000, 0x0000000711d00000, 0x0000000711d00000|100%| E|CS|TAMS 0x0000000711c00000, 0x0000000711c00000| Complete 
| 255|0x0000000711d00000, 0x0000000711e00000, 0x0000000711e00000|100%| E|CS|TAMS 0x0000000711d00000, 0x0000000711d00000| Complete 

Card table byte_map: [0x000001beb20b0000,0x000001beb28b0000] _byte_map_base: 0x000001beae8a1000

Marking Bits (Prev, Next): (CMBitMap*) 0x000001be99c18c18, (CMBitMap*) 0x000001be99c18c58
 Prev Bits: [0x000001beb30b0000, 0x000001beb7038000)
 Next Bits: [0x000001beb7040000, 0x000001bebafc8000)

Polling page: 0x000001be97a10000

Metaspace:

Usage:
  Non-class:      5.38 MB capacity,     2.71 MB ( 50%) used,     2.67 MB ( 50%) free+waste,     2.38 KB ( <1%) overhead. 
      Class:    495.00 KB capacity,   171.75 KB ( 35%) used,   322.38 KB ( 65%) free+waste,   896 bytes ( <1%) overhead. 
       Both:      5.86 MB capacity,     2.87 MB ( 49%) used,     2.99 MB ( 51%) free+waste,     3.25 KB ( <1%) overhead. 

Virtual space:
  Non-class space:        8.00 MB reserved,       5.50 MB ( 69%) committed 
      Class space:        1.00 GB reserved,     512.00 KB ( <1%) committed 
             Both:        1.01 GB reserved,       6.00 MB ( <1%) committed 

Chunk freelists:
   Non-Class:  123.00 KB
       Class:  17.00 KB
        Both:  140.00 KB

MaxMetaspaceSize: 17179869184.00 GB
CompressedClassSpaceSize: 1.00 GB

CodeHeap 'non-profiled nmethods': size=120000Kb used=519Kb max_used=519Kb free=119480Kb
 bounds [0x000001bea9e30000, 0x000001beaa0a0000, 0x000001beb1360000]
CodeHeap 'profiled nmethods': size=120000Kb used=2352Kb max_used=2352Kb free=117647Kb
 bounds [0x000001bea2900000, 0x000001bea2b70000, 0x000001bea9e30000]
CodeHeap 'non-nmethods': size=5760Kb used=1195Kb max_used=1226Kb free=4564Kb
 bounds [0x000001bea2360000, 0x000001bea25d0000, 0x000001bea2900000]
 total_blobs=1429 nmethods=972 adapters=370
 compilation: enabled
              stopped_count=0, restarted_count=0
 full_count=0

Compilation events (20 events):
Event: 19.900 Thread 0x000001bebe64d800 nmethod 963 0x000001bea2b49d10 code [0x000001bea2b49ec0, 0x000001bea2b4a0a8]
Event: 19.900 Thread 0x000001bebe64d800  964       3       org.lwjgl.opengl.WindowsMouse::putMouseEventWithCoords (61 bytes)
Event: 19.900 Thread 0x000001bebe64d800 nmethod 964 0x000001bea2b4a190 code [0x000001bea2b4a3c0, 0x000001bea2b4ac08]
Event: 19.901 Thread 0x000001bebe64d800  965       3       java.nio.HeapByteBuffer::putLong (32 bytes)
Event: 19.901 Thread 0x000001bebe64d800 nmethod 965 0x000001bea2b4af10 code [0x000001bea2b4b100, 0x000001bea2b4b728]
Event: 20.093 Thread 0x000001bebe640000  966       4       sun.net.www.ParseUtil::firstEncodeIndex (86 bytes)
Event: 20.095 Thread 0x000001bebe640000 nmethod 966 0x000001bea9eb0c90 code [0x000001bea9eb0e80, 0x000001bea9eb1148]
Event: 20.175 Thread 0x000001bebe640000  967       4       org.newdawn.slick.opengl.PNGImageData::get2Fold (16 bytes)
Event: 20.175 Thread 0x000001bebe640000 nmethod 967 0x000001bea9eb1310 code [0x000001bea9eb1480, 0x000001bea9eb1518]
Event: 20.599 Thread 0x000001bebe64d800  968       3       org.lwjgl.opengl.WindowsKeyboard::isKeyPressed (13 bytes)
Event: 20.599 Thread 0x000001bebe64d800 nmethod 968 0x000001bea2b4b990 code [0x000001bea2b4bb20, 0x000001bea2b4bc58]
Event: 21.195 Thread 0x000001bebe640000  969       4       java.lang.String::checkBoundsOffCount (64 bytes)
Event: 21.195 Thread 0x000001bebe640000 nmethod 969 0x000001bea9eb1610 code [0x000001bea9eb17c0, 0x000001bea9eb18b8]
Event: 22.108 Thread 0x000001bebe640000  970       4       java.util.zip.ZipUtils::getBufferOffset (11 bytes)
Event: 22.109 Thread 0x000001bebe640000 nmethod 970 0x000001bea9eb1990 code [0x000001bea9eb1b00, 0x000001bea9eb1b38]
Event: 23.028 Thread 0x000001bebe640000  971       4       java.io.BufferedInputStream::getInIfOpen (21 bytes)
Event: 23.028 Thread 0x000001bebe640000 nmethod 971 0x000001bea9eb1c90 code [0x000001bea9eb1e20, 0x000001bea9eb1ed8]
Event: 25.092 Thread 0x000001bebe64d800  972       3       sun.nio.cs.DoubleByte$Encoder::encodeChar (21 bytes)
Event: 25.099 Thread 0x000001bebe64d800 nmethod 972 0x000001bea2b4bd10 code [0x000001bea2b4bea0, 0x000001bea2b4c038]
Event: 25.117 Thread 0x000001bebe640000  973       4       java.util.HashMap::putVal (300 bytes)

GC Heap History (8 events):
Event: 1.690 GC heap before
{Heap before GC invocations=0 (full 0):
 garbage-first heap   total 262144K, used 22528K [0x0000000701e00000, 0x0000000800000000)
  region size 1024K, 23 young (23552K), 0 survivors (0K)
 Metaspace       used 2697K, capacity 5876K, committed 6144K, reserved 1056768K
  class space    used 170K, capacity 495K, committed 512K, reserved 1048576K
}
Event: 1.692 GC heap after
{Heap after GC invocations=1 (full 0):
 garbage-first heap   total 262144K, used 2341K [0x0000000701e00000, 0x0000000800000000)
  region size 1024K, 3 young (3072K), 3 survivors (3072K)
 Metaspace       used 2697K, capacity 5876K, committed 6144K, reserved 1056768K
  class space    used 170K, capacity 495K, committed 512K, reserved 1048576K
}
Event: 3.710 GC heap before
{Heap before GC invocations=1 (full 0):
 garbage-first heap   total 262144K, used 35109K [0x0000000701e00000, 0x0000000800000000)
  region size 1024K, 36 young (36864K), 3 survivors (3072K)
 Metaspace       used 2770K, capacity 5876K, committed 6144K, reserved 1056768K
  class space    used 170K, capacity 495K, committed 512K, reserved 1048576K
}
Event: 3.712 GC heap after
{Heap after GC invocations=2 (full 0):
 garbage-first heap   total 262144K, used 2626K [0x0000000701e00000, 0x0000000800000000)
  region size 1024K, 3 young (3072K), 3 survivors (3072K)
 Metaspace       used 2770K, capacity 5876K, committed 6144K, reserved 1056768K
  class space    used 170K, capacity 495K, committed 512K, reserved 1048576K
}
Event: 12.312 GC heap before
{Heap before GC invocations=2 (full 0):
 garbage-first heap   total 262144K, used 155202K [0x0000000701e00000, 0x0000000800000000)
  region size 1024K, 153 young (156672K), 3 survivors (3072K)
 Metaspace       used 2913K, capacity 6004K, committed 6144K, reserved 1056768K
  class space    used 170K, capacity 495K, committed 512K, reserved 1048576K
}
Event: 12.317 GC heap after
{Heap after GC invocations=3 (full 0):
 garbage-first heap   total 262144K, used 3510K [0x0000000701e00000, 0x0000000800000000)
  region size 1024K, 4 young (4096K), 4 survivors (4096K)
 Metaspace       used 2913K, capacity 6004K, committed 6144K, reserved 1056768K
  class space    used 170K, capacity 495K, committed 512K, reserved 1048576K
}
Event: 21.417 GC heap before
{Heap before GC invocations=3 (full 0):
 garbage-first heap   total 262144K, used 155062K [0x0000000701e00000, 0x0000000800000000)
  region size 1024K, 153 young (156672K), 4 survivors (4096K)
 Metaspace       used 2929K, capacity 6004K, committed 6144K, reserved 1056768K
  class space    used 170K, capacity 495K, committed 512K, reserved 1048576K
}
Event: 21.423 GC heap after
{Heap after GC invocations=4 (full 0):
 garbage-first heap   total 262144K, used 3721K [0x0000000701e00000, 0x0000000800000000)
  region size 1024K, 4 young (4096K), 4 survivors (4096K)
 Metaspace       used 2929K, capacity 6004K, committed 6144K, reserved 1056768K
  class space    used 170K, capacity 495K, committed 512K, reserved 1048576K
}

Deoptimization events (20 events):
Event: 0.896 Thread 0x000001be99bae800 DEOPT PACKING pc=0x000001bea2a0414c sp=0x00000044271fec10
Event: 0.896 Thread 0x000001be99bae800 DEOPT UNPACKING pc=0x000001bea23a964e sp=0x00000044271fe180 mode 0
Event: 0.921 Thread 0x000001be99bae800 DEOPT PACKING pc=0x000001bea2a04198 sp=0x00000044271fec10
Event: 0.921 Thread 0x000001be99bae800 DEOPT UNPACKING pc=0x000001bea23a964e sp=0x00000044271fe180 mode 0
Event: 0.942 Thread 0x000001be99bae800 DEOPT PACKING pc=0x000001bea2a04198 sp=0x00000044271fec10
Event: 0.942 Thread 0x000001be99bae800 DEOPT UNPACKING pc=0x000001bea23a964e sp=0x00000044271fe180 mode 0
Event: 0.965 Thread 0x000001be99bae800 DEOPT PACKING pc=0x000001bea2a04198 sp=0x00000044271fec10
Event: 0.966 Thread 0x000001be99bae800 DEOPT UNPACKING pc=0x000001bea23a964e sp=0x00000044271fe180 mode 0
Event: 0.987 Thread 0x000001be99bae800 DEOPT PACKING pc=0x000001bea2a04198 sp=0x00000044271fec10
Event: 0.987 Thread 0x000001be99bae800 DEOPT UNPACKING pc=0x000001bea23a964e sp=0x00000044271fe180 mode 0
Event: 1.010 Thread 0x000001be99bae800 DEOPT PACKING pc=0x000001bea2a04198 sp=0x00000044271fec10
Event: 1.010 Thread 0x000001be99bae800 DEOPT UNPACKING pc=0x000001bea23a964e sp=0x00000044271fe180 mode 0
Event: 12.376 Thread 0x000001be99bae800 Uncommon trap: trap_request=0xffffff45 fr.pc=0x000001bea9e84c6c relative=0x0000000000000e4c
Event: 12.376 Thread 0x000001be99bae800 Uncommon trap: reason=unstable_if action=reinterpret pc=0x000001bea9e84c6c method=java.nio.Bits.tryReserveMemory(JI)Z @ 29 c2
Event: 12.376 Thread 0x000001be99bae800 DEOPT PACKING pc=0x000001bea9e84c6c sp=0x00000044271fe7d0
Event: 12.376 Thread 0x000001be99bae800 DEOPT UNPACKING pc=0x000001bea23a912f sp=0x00000044271fe648 mode 2
Event: 25.114 Thread 0x000001be99bae800 Uncommon trap: trap_request=0xffffff45 fr.pc=0x000001bea9e6a950 relative=0x0000000000003d50
Event: 25.114 Thread 0x000001be99bae800 Uncommon trap: reason=unstable_if action=reinterpret pc=0x000001bea9e6a950 method=jdk.internal.misc.Unsafe.allocateMemory(J)J @ 22 c2
Event: 25.114 Thread 0x000001be99bae800 DEOPT PACKING pc=0x000001bea9e6a950 sp=0x00000044271fdc70
Event: 25.114 Thread 0x000001be99bae800 DEOPT UNPACKING pc=0x000001bea23a912f sp=0x00000044271fda40 mode 2

Classes unloaded (0 events):
No events

Classes redefined (0 events):
No events

Internal exceptions (0 events):
No events

Events (20 events):
Event: 14.322 Loaded shared library C:\Users\Link\Downloads\Assignment3 to be completed\Assignment3 to be completed\Assignment3\lwjgl64.dll
Event: 21.417 Executing VM operation: G1CollectForAllocation
Event: 21.423 Executing VM operation: G1CollectForAllocation done
Event: 25.086 loading class java/lang/Throwable$WrappedPrintStream
Event: 25.087 loading class java/lang/Throwable$PrintStreamOrWriter
Event: 25.087 loading class java/lang/Throwable$PrintStreamOrWriter done
Event: 25.087 loading class java/lang/Throwable$WrappedPrintStream done
Event: 25.115 loading class java/lang/StackTraceElement$HashedModules
Event: 25.116 loading class java/lang/StackTraceElement$HashedModules done
Event: 25.117 Thread 0x000001be99bae800 Thread exited: 0x000001be99bae800
Event: 25.119 Thread 0x000001bebe798000 Thread added: 0x000001bebe798000
Event: 25.119 Executing VM operation: HandshakeOneThread
Event: 25.119 Executing VM operation: HandshakeOneThread done
Event: 25.119 Executing VM operation: HandshakeOneThread
Event: 25.119 Executing VM operation: HandshakeOneThread done
Event: 25.119 Executing VM operation: HandshakeOneThread
Event: 25.119 Executing VM operation: HandshakeOneThread done
Event: 25.119 Executing VM operation: HandshakeOneThread
Event: 25.119 Executing VM operation: HandshakeOneThread done
Event: 25.120 Thread 0x000001bebe798800 Thread added: 0x000001bebe798800


Dynamic libraries:
0x00007ff74b500000 - 0x00007ff74b50f000 	C:\Program Files\Java\jdk-14.0.2\bin\javaw.exe
0x00007ffa82230000 - 0x00007ffa82426000 	C:\Windows\SYSTEM32\ntdll.dll
0x00007ffa809f0000 - 0x00007ffa80aad000 	C:\Windows\System32\KERNEL32.DLL
0x00007ffa7fbe0000 - 0x00007ffa7fea8000 	C:\Windows\System32\KERNELBASE.dll
0x00007ffa7fae0000 - 0x00007ffa7fbe0000 	C:\Windows\System32\ucrtbase.dll
0x00007ffa79250000 - 0x00007ffa79265000 	C:\Program Files\Java\jdk-14.0.2\bin\VCRUNTIME140.dll
0x00007ffa78450000 - 0x00007ffa78468000 	C:\Program Files\Java\jdk-14.0.2\bin\jli.dll
0x00007ffa80940000 - 0x00007ffa809ea000 	C:\Windows\System32\ADVAPI32.dll
0x00007ffa80b70000 - 0x00007ffa80c0e000 	C:\Windows\System32\msvcrt.dll
0x00007ffa805a0000 - 0x00007ffa8063b000 	C:\Windows\System32\sechost.dll
0x00007ffa81390000 - 0x00007ffa814b4000 	C:\Windows\System32\RPCRT4.dll
0x00007ffa80770000 - 0x00007ffa80910000 	C:\Windows\System32\USER32.dll
0x00007ffa800b0000 - 0x00007ffa800d2000 	C:\Windows\System32\win32u.dll
0x00007ffa63ed0000 - 0x00007ffa6416b000 	C:\Windows\WinSxS\amd64_microsoft.windows.common-controls_6595b64144ccf1df_6.0.19041.488_none_ca04af081b815d21\COMCTL32.dll
0x00007ffa815a0000 - 0x00007ffa815ca000 	C:\Windows\System32\GDI32.dll
0x00007ffa7f9d0000 - 0x00007ffa7fad9000 	C:\Windows\System32\gdi32full.dll
0x00007ffa7fee0000 - 0x00007ffa7ff7d000 	C:\Windows\System32\msvcp_win.dll
0x00007ffa77830000 - 0x00007ffa7783a000 	C:\Windows\SYSTEM32\VERSION.dll
0x00007ffa80910000 - 0x00007ffa80940000 	C:\Windows\System32\IMM32.DLL
0x00007ffa54de0000 - 0x00007ffa54e7b000 	C:\Program Files\Java\jdk-14.0.2\bin\msvcp140.dll
0x00007ffa19280000 - 0x00007ffa19d9e000 	C:\Program Files\Java\jdk-14.0.2\bin\server\jvm.dll
0x00007ffa80c10000 - 0x00007ffa80c18000 	C:\Windows\System32\PSAPI.DLL
0x00007ffa792f0000 - 0x00007ffa792f9000 	C:\Windows\SYSTEM32\WSOCK32.dll
0x00007ffa71190000 - 0x00007ffa711b7000 	C:\Windows\SYSTEM32\WINMM.dll
0x00007ffa810b0000 - 0x00007ffa8111b000 	C:\Windows\System32\WS2_32.dll
0x00007ffa7e2b0000 - 0x00007ffa7e2c2000 	C:\Windows\SYSTEM32\kernel.appcore.dll
0x00007ffa7cd20000 - 0x00007ffa7cd2a000 	C:\Program Files\Java\jdk-14.0.2\bin\jimage.dll
0x00007ffa7df90000 - 0x00007ffa7e174000 	C:\Windows\SYSTEM32\DBGHELP.DLL
0x00007ffa64640000 - 0x00007ffa6466c000 	C:\Windows\SYSTEM32\dbgcore.DLL
0x00007ffa80030000 - 0x00007ffa800af000 	C:\Windows\System32\bcryptPrimitives.dll
0x00007ffa68710000 - 0x00007ffa68735000 	C:\Program Files\Java\jdk-14.0.2\bin\java.dll
0x00007ffa77260000 - 0x00007ffa77276000 	C:\Program Files\Java\jdk-14.0.2\bin\zip.dll
0x00007ffa81ab0000 - 0x00007ffa821f0000 	C:\Windows\System32\SHELL32.dll
0x00007ffa7d720000 - 0x00007ffa7deb4000 	C:\Windows\SYSTEM32\windows.storage.dll
0x00007ffa815d0000 - 0x00007ffa81925000 	C:\Windows\System32\combase.dll
0x00007ffa7f320000 - 0x00007ffa7f34c000 	C:\Windows\SYSTEM32\Wldp.dll
0x00007ffa80ac0000 - 0x00007ffa80b6e000 	C:\Windows\System32\SHCORE.dll
0x00007ffa81210000 - 0x00007ffa81265000 	C:\Windows\System32\shlwapi.dll
0x00007ffa7f8b0000 - 0x00007ffa7f8d6000 	C:\Windows\SYSTEM32\profapi.dll
0x00007ffa689b0000 - 0x00007ffa689c9000 	C:\Program Files\Java\jdk-14.0.2\bin\net.dll
0x00007ffa77b40000 - 0x00007ffa77c40000 	C:\Windows\SYSTEM32\WINHTTP.dll
0x00007ffa6a490000 - 0x00007ffa6a58c000 	C:\Windows\Netease\Booster\lsp64.dll
0x00007ffa80140000 - 0x00007ffa8029d000 	C:\Windows\System32\CRYPT32.dll
0x00007ffa7ed90000 - 0x00007ffa7edcb000 	C:\Windows\SYSTEM32\IPHLPAPI.DLL
0x00007ffa7f0a0000 - 0x00007ffa7f10a000 	C:\Windows\system32\mswsock.dll
0x00007ffa800e0000 - 0x00007ffa80140000 	C:\Windows\System32\WINTRUST.DLL
0x00007ffa7f500000 - 0x00007ffa7f512000 	C:\Windows\SYSTEM32\MSASN1.dll
0x00007ffa81090000 - 0x00007ffa810ad000 	C:\Windows\System32\imagehlp.dll
0x00007ffa7f270000 - 0x00007ffa7f288000 	C:\Windows\SYSTEM32\CRYPTSP.dll
0x00007ffa7ea30000 - 0x00007ffa7ea64000 	C:\Windows\system32\rsaenh.dll
0x00007ffa7feb0000 - 0x00007ffa7fed7000 	C:\Windows\System32\bcrypt.dll
0x00007ffa7f290000 - 0x00007ffa7f29c000 	C:\Windows\SYSTEM32\CRYPTBASE.dll
0x00007ffa67590000 - 0x00007ffa675a2000 	C:\Program Files\Java\jdk-14.0.2\bin\nio.dll
0x00007ffa7af00000 - 0x00007ffa7af10000 	C:\Program Files\Java\jdk-14.0.2\bin\verify.dll
0x0000000180000000 - 0x0000000180053000 	C:\Users\Link\Downloads\Assignment3 to be completed\Assignment3 to be completed\Assignment3\lwjgl64.dll
0x00007ffa47f00000 - 0x00007ffa48025000 	C:\Windows\SYSTEM32\OPENGL32.dll
0x00007ffa68ee0000 - 0x00007ffa68f0c000 	C:\Windows\SYSTEM32\GLU32.dll
0x00007ffa79500000 - 0x00007ffa795ae000 	C:\Windows\SYSTEM32\mscms.dll
0x00007ffa7f870000 - 0x00007ffa7f89e000 	C:\Windows\SYSTEM32\USERENV.dll
0x00007ffa79300000 - 0x00007ffa79311000 	C:\Windows\SYSTEM32\ColorAdapterClient.dll
0x00007ffa81930000 - 0x00007ffa819fd000 	C:\Windows\System32\OLEAUT32.dll
0x00007ffa81a00000 - 0x00007ffa81aa9000 	C:\Windows\System32\clbcatq.dll
0x00007ffa76cc0000 - 0x00007ffa76d03000 	C:\Windows\System32\Windows.Internal.Graphics.Display.DisplayColorManagement.dll
0x00007ffa7f980000 - 0x00007ffa7f9ce000 	C:\Windows\System32\cfgmgr32.dll
0x00007ffa7d080000 - 0x00007ffa7d11f000 	C:\Windows\system32\uxtheme.dll
0x00007ffa81270000 - 0x00007ffa81385000 	C:\Windows\System32\MSCTF.dll
0x00007ffa78860000 - 0x00007ffa7895a000 	C:\Windows\System32\AppXDeploymentClient.dll
0x00007ffa2e2b0000 - 0x00007ffa30c48000 	C:\Windows\System32\DriverStore\FileRepository\nvhmi.inf_amd64_df461fbbe3411108\nvoglv64.dll
0x00007ffa80c20000 - 0x00007ffa81087000 	C:\Windows\System32\SETUPAPI.dll
0x00007ffa80640000 - 0x00007ffa8076a000 	C:\Windows\System32\ole32.dll
0x00007ffa7b390000 - 0x00007ffa7b3a4000 	C:\Windows\SYSTEM32\WTSAPI32.dll
0x00007ffa7f6c0000 - 0x00007ffa7f6ec000 	C:\Windows\System32\DEVOBJ.dll
0x00007ffa7e6c0000 - 0x00007ffa7e6f3000 	C:\Windows\SYSTEM32\ntmarta.dll
0x00007ffa75460000 - 0x00007ffa7549b000 	C:\Windows\SYSTEM32\dxcore.dll
0x00007ffa3d400000 - 0x00007ffa3d6ae000 	C:\Windows\system32\nvspcap64.dll
0x00007ffa7d430000 - 0x00007ffa7d45f000 	C:\Windows\SYSTEM32\dwmapi.dll
0x00007ffa5af20000 - 0x00007ffa5b01c000 	C:\Windows\SYSTEM32\textinputframework.dll
0x00007ffa7cba0000 - 0x00007ffa7cc92000 	C:\Windows\System32\CoreMessaging.dll
0x00007ffa7c4c0000 - 0x00007ffa7c81e000 	C:\Windows\System32\CoreUIComponents.dll
0x00007ffa7b4e0000 - 0x00007ffa7b636000 	C:\Windows\SYSTEM32\wintypes.dll
0x00007ffa647c0000 - 0x00007ffa64803000 	C:\Windows\SYSTEM32\icm32.dll
0x00007ffa7f730000 - 0x00007ffa7f77b000 	C:\Windows\SYSTEM32\powrprof.dll
0x00007ffa7f710000 - 0x00007ffa7f722000 	C:\Windows\SYSTEM32\UMPDC.dll
0x00007ffa7f3c0000 - 0x00007ffa7f41a000 	C:\Windows\SYSTEM32\WINSTA.dll
0x00007ffa47d60000 - 0x00007ffa47ef9000 	C:\Program Files\Java\jdk-14.0.2\bin\awt.dll
0x00007ffa7cef0000 - 0x00007ffa7cf80000 	C:\Windows\SYSTEM32\apphelp.dll

dbghelp: loaded successfully - version: 4.0.5 - missing functions: none
symbol engine: initialized successfully - sym options: 0x614 - pdb path: .;C:\Program Files\Java\jdk-14.0.2\bin;C:\Windows\SYSTEM32;C:\Windows\WinSxS\amd64_microsoft.windows.common-controls_6595b64144ccf1df_6.0.19041.488_none_ca04af081b815d21;C:\Program Files\Java\jdk-14.0.2\bin\server;C:\Windows\Netease\Booster;C:\Users\Link\Downloads\Assignment3 to be completed\Assignment3 to be completed\Assignment3;C:\Windows\System32\DriverStore\FileRepository\nvhmi.inf_amd64_df461fbbe3411108

VM Arguments:
jvm_args: -Dfile.encoding=GBK 
java_command: MainWindow
java_class_path (initial): C:\Users\Link\Downloads\Assignment3 to be completed\Assignment3 to be completed\Assignment3\bin;C:\Users\Link\Downloads\Assignment3 to be completed\Assignment3 to be completed\Assignment3\LWJGL\AppleJavaExtensions.jar;C:\Users\Link\Downloads\Assignment3 to be completed\Assignment3 to be completed\Assignment3\LWJGL\asm-debug-all.jar;C:\Users\Link\Downloads\Assignment3 to be completed\Assignment3 to be completed\Assignment3\LWJGL\jinput.jar;C:\Users\Link\Downloads\Assignment3 to be completed\Assignment3 to be completed\Assignment3\LWJGL\laf-plugin-7.2.1.jar;C:\Users\Link\Downloads\Assignment3 to be completed\Assignment3 to be completed\Assignment3\LWJGL\laf-widget-7.2.1.jar;C:\Users\Link\Downloads\Assignment3 to be completed\Assignment3 to be completed\Assignment3\LWJGL\log4j-api-2.0-beta9.jar;C:\Users\Link\Downloads\Assignment3 to be completed\Assignment3 to be completed\Assignment3\LWJGL\lwjgl_test.jar;C:\Users\Link\Downloads\Assignment3 to be completed\Assignment3 to be completed\Assignment3\LWJGL\lwjgl_util_applet.jar;C:\Users\Link\Downloads\Assignment3 to be completed\Assignment3 to be completed\Assignment3\LWJGL\lwjgl_util.jar;C:\Users\Link\Downloads\Assignment3 to be completed\Assignment3 to be completed\Assignment3\LWJGL\lwjgl-debug.jar;C:\Users\Link\Downloads\Assignment3 to be completed\Assignment3 to be completed\Assignment3\LWJGL\lwjgl.jar;C:\Users\Link\Downloads\Assignment3 to be completed\Assignment3 to be completed\Assignment3\LWJGL\lzma.jar;C:\Users\Link\Downloads\Assignment3 to be completed\Assignment3 to be completed\Assignment3\LWJGL\substance-7.2.1.jar;C:\Users\Link\Downloads\Assignment3 to be completed\Assignment3 to be completed\Assignment3\LWJGL\trident-7.2.1.jar;C:\Users\Link\Downloads\Assignment3 to be completed\Assignment3 to be completed\Assignment3\LWJGL\slick-util.jar
Launcher Type: SUN_STANDARD

[Global flags]
     intx CICompilerCount                          = 4                                         {product} {ergonomic}
     uint ConcGCThreads                            = 3                                         {product} {ergonomic}
     uint G1ConcRefinementThreads                  = 10                                        {product} {ergonomic}
   size_t G1HeapRegionSize                         = 1048576                                   {product} {ergonomic}
    uintx GCDrainStackTargetSize                   = 64                                        {product} {ergonomic}
   size_t InitialHeapSize                          = 268435456                                 {product} {ergonomic}
   size_t MarkStackSize                            = 4194304                                   {product} {ergonomic}
   size_t MaxHeapSize                              = 4263510016                                {product} {ergonomic}
   size_t MaxNewSize                               = 2557476864                                {product} {ergonomic}
   size_t MinHeapDeltaBytes                        = 1048576                                   {product} {ergonomic}
   size_t MinHeapSize                              = 8388608                                   {product} {ergonomic}
    uintx NonNMethodCodeHeapSize                   = 5839372                                {pd product} {ergonomic}
    uintx NonProfiledCodeHeapSize                  = 122909434                              {pd product} {ergonomic}
    uintx ProfiledCodeHeapSize                     = 122909434                              {pd product} {ergonomic}
    uintx ReservedCodeCacheSize                    = 251658240                              {pd product} {ergonomic}
     bool SegmentedCodeCache                       = true                                      {product} {ergonomic}
   size_t SoftMaxHeapSize                          = 4263510016                             {manageable} {ergonomic}
     bool UseCompressedClassPointers               = true                                 {lp64_product} {ergonomic}
     bool UseCompressedOops                        = true                                 {lp64_product} {ergonomic}
     bool UseG1GC                                  = true                                      {product} {ergonomic}
     bool UseLargePagesIndividualAllocation        = false                                  {pd product} {ergonomic}

Logging:
Log output configuration:
 #0: stdout all=warning uptime,level,tags
 #1: stderr all=off uptime,level,tags

Environment Variables:
JAVA_HOME=C:\Program Files\Java\jdk-14.0.2
CLASSPATH=.;C:\Program Files\Java\jdk-14.0.2\bin;C:\Program Files\Java\jdk-14.0.2\lib\dt.jar;C:\Program Files\Java\jdk-14.0.2\lib\tools.jar
PATH=C:/Program Files/Java/jdk-14.0.2/bin/server;C:/Program Files/Java/jdk-14.0.2/bin;C:\Windows\system32;C:\Windows;C:\Windows\System32\Wbem;C:\Windows\System32\WindowsPowerShell\v1.0\;C:\Windows\System32\OpenSSH\;C:\Program Files\NVIDIA Corporation\NVIDIA NvDLISR;C:\Program Files (x86)\NVIDIA Corporation\PhysX\Common;C:\Program Files\Java\jdk-14.0.2\bin;C:\Program Files\Java\jdk-14.0.2\jre\bin;H:\Android\gradle\gradle-5.6.2\bin;D:\AndroidSDK\android-sdk\platform-tools;D:\AndroidSDK\android-sdk\tools;D:\webserver;H:\Git\cmd;C:\Users\Link\AppData\Local\Programs\Python\Python38-32\Scripts\;C:\Users\Link\AppData\Local\Programs\Python\Python38-32\;C:\Users\Link\AppData\Local\Microsoft\WindowsApps;H:\Bandizip\;H:\Microsoft VS Code\bin;H:\PyCharm 2020.1.3\bin;;H:\eclipse;
USERNAME=Link
OS=Windows_NT
PROCESSOR_IDENTIFIER=Intel64 Family 6 Model 158 Stepping 10, GenuineIntel



---------------  S Y S T E M  ---------------

OS: Windows 10 , 64 bit Build 19041 (10.0.19041.546)
OS uptime: 0 days 6:21 hours

CPU:total 12 (initial active 12) (6 cores per cpu, 2 threads per core) family 6 model 158 stepping 10, cmov, cx8, fxsr, mmx, sse, sse2, sse3, ssse3, sse4.1, sse4.2, popcnt, avx, avx2, aes, clmul, erms, 3dnowpref, lzcnt, ht, tsc, tscinvbit, bmi1, bmi2, adx, fma

Memory: 4k page, system-wide physical 16263M (506M free)
TotalPageFile size 26432M (AvailPageFile size 9M)
current process WorkingSet (physical memory assigned to process): 4074M, peak: 4157M
current process commit charge ("private bytes"): 5345M, peak: 5839M

vm_info: Java HotSpot(TM) 64-Bit Server VM (14.0.2+12-46) for windows-amd64 JRE (14.0.2+12-46), built on Jul  9 2020 00:35:52 by "mach5one" with MS VC++ 15.9 (VS2017)

END.
